<?xml version="1.0" encoding="UTF-8"?>
<testsuite xmlns:xsi="http://www.w3.org/2001/XMLSchema-instance" xsi:noNamespaceSchemaLocation="https://maven.apache.org/surefire/maven-surefire-plugin/xsd/surefire-test-report-3.0.xsd" version="3.0" name="com.docker.demo.DemoApplicationTests" time="6.239" tests="1" errors="0" skipped="0" failures="0">
  <properties>
[...]
</properties>
  <testcase name="contextLoads" classname="com.docker.demo.DemoApplicationTests" time="2.311">
    <system-out><![CDATA[13:15:08.525 [main] INFO org.springframework.test.context.support.AnnotationConfigContextLoaderUtils -- Could not detect default configuration classes for test class [com.docker.demo.DemoApplicationTests]: DemoApplicationTests does not declare any static, non-private, non-final, nested classes annotated with @Configuration.
13:15:08.743 [main] INFO org.springframework.boot.test.context.SpringBootTestContextBootstrapper -- Found @SpringBootConfiguration com.docker.demo.DemoApplication for test class com.docker.demo.DemoApplicationTests

  .   ____          _            __ _ _
 /\\ / ___'_ __ _ _(_)_ __  __ _ \ \ \ \
( ( )\___ | '_ | '_| | '_ \/ _` | \ \ \ \
 \\/  ___)| |_)| | | | | || (_| |  ) ) ) )
  '  |____| .__|_| |_|_| |_\__, | / / / /
 =========|_|==============|___/=/_/_/_/
 :: Spring Boot ::       (v3.1.6-SNAPSHOT)

2023-11-23T13:15:09.574+05:30  INFO 1860 --- [           main] com.docker.demo.DemoApplicationTests     : Starting DemoApplicationTests using Java 17.0.4.1 with PID 1860 (started by tuhinsarkar in D:\DockerJava\demo\demo)
2023-11-23T13:15:09.578+05:30  INFO 1860 --- [           main] com.docker.demo.DemoApplicationTests     : No active profile set, falling back to 1 default profile: "default"
2023-11-23T13:15:12.038+05:30  INFO 1860 --- [           main] com.docker.demo.DemoApplicationTests     : Started DemoApplicationTests in 2.986 seconds (process running for 5.232)
]]></system-out>
  </testcase>
</testsuite>